<?xml version="1.0" encoding="UTF-8"?>
<coverage generated="1574736995696" clover="3.2.0">
  <project timestamp="1574736995696" name="All files">
    <metrics statements="121" coveredstatements="96" conditionals="37" coveredconditionals="23" methods="32" coveredmethods="22" elements="190" coveredelements="141" complexity="0" loc="121" ncloc="121" packages="1" files="2" classes="2"/>
    <file name="HelperFunctions.js" path="C:\Users\ascar\WebstormProjects\Backend321\HelperFunctions.js">
      <metrics statements="25" coveredstatements="16" conditionals="17" coveredconditionals="13" methods="5" coveredmethods="3"/>
      <line num="1" count="1" type="stmt"/>
      <line num="2" count="1" type="stmt"/>
      <line num="3" count="1" type="stmt"/>
      <line num="12" count="0" type="stmt"/>
      <line num="13" count="0" type="stmt"/>
      <line num="14" count="0" type="stmt"/>
      <line num="15" count="0" type="stmt"/>
      <line num="16" count="0" type="stmt"/>
      <line num="17" count="0" type="cond" truecount="0" falsecount="2"/>
      <line num="18" count="0" type="stmt"/>
      <line num="30" count="0" type="cond" truecount="0" falsecount="2"/>
      <line num="33" count="0" type="stmt"/>
      <line num="49" count="165" type="cond" truecount="4" falsecount="0"/>
      <line num="59" count="21" type="cond" truecount="3" falsecount="0"/>
      <line num="69" count="21" type="cond" truecount="2" falsecount="0"/>
      <line num="70" count="6" type="stmt"/>
      <line num="72" count="15" type="stmt"/>
      <line num="73" count="165" type="stmt"/>
      <line num="74" count="165" type="stmt"/>
      <line num="75" count="165" type="cond" truecount="2" falsecount="0"/>
      <line num="76" count="16" type="cond" truecount="2" falsecount="0"/>
      <line num="77" count="8" type="stmt"/>
      <line num="82" count="15" type="stmt"/>
      <line num="83" count="15" type="stmt"/>
      <line num="86" count="1" type="stmt"/>
    </file>
    <file name="Server.js" path="C:\Users\ascar\WebstormProjects\Backend321\Server.js">
      <metrics statements="96" coveredstatements="80" conditionals="20" coveredconditionals="10" methods="27" coveredmethods="19"/>
      <line num="1" count="1" type="stmt"/>
      <line num="2" count="1" type="stmt"/>
      <line num="8" count="1" type="stmt"/>
      <line num="9" count="1" type="stmt"/>
      <line num="10" count="1" type="stmt"/>
      <line num="19" count="1" type="stmt"/>
      <line num="20" count="1" type="stmt"/>
      <line num="21" count="1" type="stmt"/>
      <line num="22" count="1" type="stmt"/>
      <line num="23" count="1" type="stmt"/>
      <line num="24" count="1" type="stmt"/>
      <line num="26" count="1" type="stmt"/>
      <line num="27" count="1" type="stmt"/>
      <line num="32" count="1" type="stmt"/>
      <line num="33" count="1" type="cond" truecount="1" falsecount="1"/>
      <line num="36" count="1" type="stmt"/>
      <line num="51" count="0" type="stmt"/>
      <line num="52" count="0" type="stmt"/>
      <line num="71" count="1" type="stmt"/>
      <line num="72" count="0" type="stmt"/>
      <line num="73" count="0" type="stmt"/>
      <line num="74" count="0" type="stmt"/>
      <line num="85" count="1" type="stmt"/>
      <line num="86" count="24" type="stmt"/>
      <line num="87" count="24" type="stmt"/>
      <line num="88" count="24" type="stmt"/>
      <line num="91" count="24" type="stmt"/>
      <line num="94" count="1" type="stmt"/>
      <line num="104" count="1" type="stmt"/>
      <line num="105" count="24" type="stmt"/>
      <line num="106" count="24" type="stmt"/>
      <line num="107" count="24" type="stmt"/>
      <line num="108" count="24" type="stmt"/>
      <line num="109" count="24" type="stmt"/>
      <line num="122" count="24" type="stmt"/>
      <line num="124" count="1" type="stmt"/>
      <line num="131" count="1" type="stmt"/>
      <line num="132" count="14" type="stmt"/>
      <line num="133" count="14" type="cond" truecount="1" falsecount="1"/>
      <line num="134" count="14" type="stmt"/>
      <line num="136" count="0" type="stmt"/>
      <line num="147" count="1" type="stmt"/>
      <line num="148" count="2" type="stmt"/>
      <line num="149" count="1" type="stmt"/>
      <line num="151" count="1" type="cond" truecount="1" falsecount="1"/>
      <line num="152" count="0" type="stmt"/>
      <line num="154" count="1" type="stmt"/>
      <line num="164" count="1" type="stmt"/>
      <line num="165" count="0" type="stmt"/>
      <line num="166" count="0" type="stmt"/>
      <line num="167" count="0" type="cond" truecount="0" falsecount="2"/>
      <line num="168" count="0" type="stmt"/>
      <line num="170" count="0" type="stmt"/>
      <line num="181" count="2" type="stmt"/>
      <line num="182" count="2" type="stmt"/>
      <line num="183" count="2" type="stmt"/>
      <line num="184" count="2" type="stmt"/>
      <line num="185" count="2" type="stmt"/>
      <line num="186" count="2" type="cond" truecount="1" falsecount="1"/>
      <line num="187" count="2" type="stmt"/>
      <line num="197" count="1" type="cond" truecount="1" falsecount="1"/>
      <line num="200" count="1" type="stmt"/>
      <line num="215" count="1" type="stmt"/>
      <line num="216" count="2" type="stmt"/>
      <line num="217" count="2" type="cond" truecount="1" falsecount="1"/>
      <line num="220" count="2" type="stmt"/>
      <line num="221" count="2" type="stmt"/>
      <line num="222" count="2" type="stmt"/>
      <line num="224" count="2" type="stmt"/>
      <line num="228" count="2" type="stmt"/>
      <line num="229" count="1" type="stmt"/>
      <line num="230" count="1" type="stmt"/>
      <line num="231" count="1" type="stmt"/>
      <line num="232" count="1" type="stmt"/>
      <line num="233" count="0" type="stmt"/>
      <line num="235" count="1" type="stmt"/>
      <line num="237" count="2" type="stmt"/>
      <line num="245" count="1" type="stmt"/>
      <line num="246" count="2" type="stmt"/>
      <line num="247" count="2" type="cond" truecount="1" falsecount="1"/>
      <line num="248" count="0" type="stmt"/>
      <line num="250" count="2" type="stmt"/>
      <line num="261" count="1" type="stmt"/>
      <line num="262" count="4" type="stmt"/>
      <line num="263" count="4" type="stmt"/>
      <line num="264" count="4" type="cond" truecount="1" falsecount="1"/>
      <line num="265" count="0" type="stmt"/>
      <line num="267" count="4" type="stmt"/>
      <line num="275" count="1" type="stmt"/>
      <line num="276" count="1" type="cond" truecount="2" falsecount="0"/>
      <line num="277" count="1" type="stmt"/>
      <line num="288" count="1" type="stmt"/>
      <line num="289" count="0" type="stmt"/>
      <line num="299" count="1" type="stmt"/>
      <line num="301" count="1" type="stmt"/>
      <line num="304" count="1" type="stmt"/>
    </file>
  </project>
</coverage>
