{"C:\\Users\\ascar\\WebstormProjects\\Backend321\\Server.js": {"path":"C:\\Users\\ascar\\WebstormProjects\\Backend321\\Server.js","statementMap":{"0":{"start":{"line":1,"column":13},"end":{"line":1,"column":17}},"1":{"start":{"line":2,"column":20},"end":{"line":2,"column":24}},"2":{"start":{"line":3,"column":20},"end":{"line":3,"column":27}},"3":{"start":{"line":4,"column":24},"end":{"line":4,"column":25}},"4":{"start":{"line":10,"column":14},"end":{"line":10,"column":39}},"5":{"start":{"line":11,"column":23},"end":{"line":11,"column":98}},"6":{"start":{"line":12,"column":0},"end":{"line":15,"column":3}},"7":{"start":{"line":21,"column":20},"end":{"line":21,"column":50}},"8":{"start":{"line":22,"column":12},"end":{"line":22,"column":120}},"9":{"start":{"line":23,"column":15},"end":{"line":23,"column":86}},"10":{"start":{"line":24,"column":16},"end":{"line":24,"column":34}},"11":{"start":{"line":25,"column":12},"end":{"line":25,"column":21}},"12":{"start":{"line":26,"column":0},"end":{"line":26,"column":24}},"13":{"start":{"line":28,"column":17},"end":{"line":28,"column":44}},"14":{"start":{"line":33,"column":0},"end":{"line":39,"column":3}},"15":{"start":{"line":34,"column":4},"end":{"line":36,"column":5}},"16":{"start":{"line":37,"column":4},"end":{"line":37,"column":27}},"17":{"start":{"line":50,"column":20},"end":{"line":50,"column":61}},"18":{"start":{"line":51,"column":4},"end":{"line":56,"column":11}},"19":{"start":{"line":70,"column":4},"end":{"line":75,"column":7}},"20":{"start":{"line":71,"column":19},"end":{"line":71,"column":38}},"21":{"start":{"line":72,"column":8},"end":{"line":74,"column":11}},"22":{"start":{"line":73,"column":12},"end":{"line":73,"column":58}},"23":{"start":{"line":85,"column":24},"end":{"line":104,"column":1}},"24":{"start":{"line":86,"column":22},"end":{"line":86,"column":43}},"25":{"start":{"line":87,"column":21},"end":{"line":87,"column":41}},"26":{"start":{"line":88,"column":19},"end":{"line":88,"column":35}},"27":{"start":{"line":89,"column":4},"end":{"line":102,"column":5}},"28":{"start":{"line":90,"column":8},"end":{"line":99,"column":10}},"29":{"start":{"line":103,"column":4},"end":{"line":103,"column":11}},"30":{"start":{"line":105,"column":0},"end":{"line":105,"column":25}},"31":{"start":{"line":112,"column":0},"end":{"line":120,"column":3}},"32":{"start":{"line":113,"column":4},"end":{"line":119,"column":7}},"33":{"start":{"line":114,"column":8},"end":{"line":118,"column":9}},"34":{"start":{"line":115,"column":12},"end":{"line":115,"column":26}},"35":{"start":{"line":117,"column":12},"end":{"line":117,"column":40}},"36":{"start":{"line":128,"column":0},"end":{"line":138,"column":3}},"37":{"start":{"line":129,"column":15},"end":{"line":129,"column":42}},"38":{"start":{"line":130,"column":4},"end":{"line":137,"column":11}},"39":{"start":{"line":132,"column":12},"end":{"line":136,"column":13}},"40":{"start":{"line":133,"column":16},"end":{"line":133,"column":30}},"41":{"start":{"line":135,"column":16},"end":{"line":135,"column":33}},"42":{"start":{"line":145,"column":0},"end":{"line":154,"column":3}},"43":{"start":{"line":146,"column":15},"end":{"line":146,"column":42}},"44":{"start":{"line":147,"column":4},"end":{"line":153,"column":7}},"45":{"start":{"line":148,"column":8},"end":{"line":152,"column":9}},"46":{"start":{"line":149,"column":12},"end":{"line":149,"column":26}},"47":{"start":{"line":151,"column":12},"end":{"line":151,"column":29}},"48":{"start":{"line":162,"column":22},"end":{"line":162,"column":40}},"49":{"start":{"line":163,"column":26},"end":{"line":163,"column":55}},"50":{"start":{"line":164,"column":26},"end":{"line":164,"column":55}},"51":{"start":{"line":165,"column":27},"end":{"line":165,"column":57}},"52":{"start":{"line":166,"column":27},"end":{"line":166,"column":57}},"53":{"start":{"line":167,"column":4},"end":{"line":186,"column":5}},"54":{"start":{"line":168,"column":8},"end":{"line":185,"column":11}},"55":{"start":{"line":180,"column":12},"end":{"line":184,"column":13}},"56":{"start":{"line":183,"column":16},"end":{"line":183,"column":33}},"57":{"start":{"line":197,"column":4},"end":{"line":197,"column":146}},"58":{"start":{"line":207,"column":4},"end":{"line":207,"column":120}},"59":{"start":{"line":217,"column":4},"end":{"line":229,"column":5}},"60":{"start":{"line":218,"column":8},"end":{"line":218,"column":26}},"61":{"start":{"line":220,"column":8},"end":{"line":228,"column":9}},"62":{"start":{"line":220,"column":21},"end":{"line":220,"column":22}},"63":{"start":{"line":221,"column":26},"end":{"line":221,"column":64}},"64":{"start":{"line":222,"column":25},"end":{"line":222,"column":62}},"65":{"start":{"line":223,"column":12},"end":{"line":227,"column":13}},"66":{"start":{"line":224,"column":16},"end":{"line":226,"column":17}},"67":{"start":{"line":225,"column":20},"end":{"line":225,"column":68}},"68":{"start":{"line":230,"column":4},"end":{"line":230,"column":38}},"69":{"start":{"line":231,"column":4},"end":{"line":231,"column":65}},"70":{"start":{"line":244,"column":0},"end":{"line":272,"column":3}},"71":{"start":{"line":245,"column":4},"end":{"line":271,"column":7}},"72":{"start":{"line":246,"column":8},"end":{"line":248,"column":9}},"73":{"start":{"line":249,"column":21},"end":{"line":249,"column":36}},"74":{"start":{"line":250,"column":22},"end":{"line":250,"column":38}},"75":{"start":{"line":251,"column":24},"end":{"line":251,"column":42}},"76":{"start":{"line":253,"column":20},"end":{"line":256,"column":9}},"77":{"start":{"line":258,"column":8},"end":{"line":269,"column":11}},"78":{"start":{"line":259,"column":35},"end":{"line":259,"column":37}},"79":{"start":{"line":260,"column":12},"end":{"line":260,"column":84}},"80":{"start":{"line":261,"column":29},"end":{"line":261,"column":31}},"81":{"start":{"line":262,"column":12},"end":{"line":267,"column":13}},"82":{"start":{"line":262,"column":25},"end":{"line":262,"column":26}},"83":{"start":{"line":265,"column":16},"end":{"line":265,"column":82}},"84":{"start":{"line":268,"column":12},"end":{"line":268,"column":44}},"85":{"start":{"line":270,"column":8},"end":{"line":270,"column":36}},"86":{"start":{"line":278,"column":0},"end":{"line":286,"column":3}},"87":{"start":{"line":279,"column":4},"end":{"line":285,"column":7}},"88":{"start":{"line":280,"column":8},"end":{"line":284,"column":9}},"89":{"start":{"line":281,"column":12},"end":{"line":281,"column":26}},"90":{"start":{"line":283,"column":12},"end":{"line":283,"column":29}},"91":{"start":{"line":294,"column":0},"end":{"line":303,"column":3}},"92":{"start":{"line":295,"column":15},"end":{"line":295,"column":42}},"93":{"start":{"line":296,"column":4},"end":{"line":302,"column":7}},"94":{"start":{"line":297,"column":8},"end":{"line":301,"column":9}},"95":{"start":{"line":298,"column":12},"end":{"line":298,"column":26}},"96":{"start":{"line":300,"column":12},"end":{"line":300,"column":29}},"97":{"start":{"line":308,"column":0},"end":{"line":315,"column":3}},"98":{"start":{"line":309,"column":4},"end":{"line":309,"column":34}},"99":{"start":{"line":310,"column":4},"end":{"line":314,"column":7}},"100":{"start":{"line":321,"column":0},"end":{"line":323,"column":3}},"101":{"start":{"line":322,"column":4},"end":{"line":322,"column":36}},"102":{"start":{"line":332,"column":15},"end":{"line":335,"column":2}},"103":{"start":{"line":334,"column":17},"end":{"line":334,"column":38}},"104":{"start":{"line":337,"column":0},"end":{"line":337,"column":22}}},"fnMap":{"0":{"name":"(anonymous_0)","decl":{"start":{"line":33,"column":15},"end":{"line":33,"column":16}},"loc":{"start":{"line":33,"column":24},"end":{"line":39,"column":1}},"line":33},"1":{"name":"sendMessage","decl":{"start":{"line":48,"column":13},"end":{"line":48,"column":24}},"loc":{"start":{"line":49,"column":0},"end":{"line":57,"column":1}},"line":49},"2":{"name":"(anonymous_2)","decl":{"start":{"line":52,"column":14},"end":{"line":52,"column":15}},"loc":{"start":{"line":52,"column":28},"end":{"line":54,"column":9}},"line":52},"3":{"name":"(anonymous_3)","decl":{"start":{"line":55,"column":15},"end":{"line":55,"column":16}},"loc":{"start":{"line":55,"column":26},"end":{"line":56,"column":9}},"line":55},"4":{"name":"volleyMessages","decl":{"start":{"line":69,"column":9},"end":{"line":69,"column":23}},"loc":{"start":{"line":69,"column":41},"end":{"line":76,"column":1}},"line":69},"5":{"name":"(anonymous_5)","decl":{"start":{"line":70,"column":19},"end":{"line":70,"column":20}},"loc":{"start":{"line":70,"column":36},"end":{"line":75,"column":5}},"line":70},"6":{"name":"(anonymous_6)","decl":{"start":{"line":72,"column":97},"end":{"line":72,"column":98}},"loc":{"start":{"line":72,"column":114},"end":{"line":74,"column":9}},"line":72},"7":{"name":"(anonymous_7)","decl":{"start":{"line":85,"column":24},"end":{"line":85,"column":25}},"loc":{"start":{"line":85,"column":50},"end":{"line":104,"column":1}},"line":85},"8":{"name":"(anonymous_8)","decl":{"start":{"line":112,"column":19},"end":{"line":112,"column":20}},"loc":{"start":{"line":112,"column":39},"end":{"line":120,"column":1}},"line":112},"9":{"name":"(anonymous_9)","decl":{"start":{"line":113,"column":47},"end":{"line":113,"column":48}},"loc":{"start":{"line":113,"column":64},"end":{"line":119,"column":5}},"line":113},"10":{"name":"(anonymous_10)","decl":{"start":{"line":128,"column":28},"end":{"line":128,"column":29}},"loc":{"start":{"line":128,"column":48},"end":{"line":138,"column":1}},"line":128},"11":{"name":"(anonymous_11)","decl":{"start":{"line":131,"column":39},"end":{"line":131,"column":40}},"loc":{"start":{"line":131,"column":56},"end":{"line":137,"column":9}},"line":131},"12":{"name":"(anonymous_12)","decl":{"start":{"line":145,"column":31},"end":{"line":145,"column":32}},"loc":{"start":{"line":145,"column":51},"end":{"line":154,"column":1}},"line":145},"13":{"name":"(anonymous_13)","decl":{"start":{"line":147,"column":62},"end":{"line":147,"column":63}},"loc":{"start":{"line":147,"column":79},"end":{"line":153,"column":5}},"line":147},"14":{"name":"matchUsers2Events","decl":{"start":{"line":161,"column":9},"end":{"line":161,"column":26}},"loc":{"start":{"line":161,"column":42},"end":{"line":187,"column":1}},"line":161},"15":{"name":"(anonymous_15)","decl":{"start":{"line":179,"column":19},"end":{"line":179,"column":20}},"loc":{"start":{"line":179,"column":36},"end":{"line":185,"column":9}},"line":179},"16":{"name":"isInRange","decl":{"start":{"line":196,"column":9},"end":{"line":196,"column":18}},"loc":{"start":{"line":196,"column":46},"end":{"line":198,"column":1}},"line":196},"17":{"name":"endRecursiveConditions","decl":{"start":{"line":206,"column":9},"end":{"line":206,"column":31}},"loc":{"start":{"line":206,"column":69},"end":{"line":208,"column":1}},"line":206},"18":{"name":"sortMatchedUsers","decl":{"start":{"line":216,"column":9},"end":{"line":216,"column":25}},"loc":{"start":{"line":216,"column":63},"end":{"line":232,"column":1}},"line":216},"19":{"name":"(anonymous_19)","decl":{"start":{"line":244,"column":20},"end":{"line":244,"column":21}},"loc":{"start":{"line":244,"column":46},"end":{"line":272,"column":1}},"line":244},"20":{"name":"(anonymous_20)","decl":{"start":{"line":245,"column":48},"end":{"line":245,"column":49}},"loc":{"start":{"line":245,"column":65},"end":{"line":271,"column":5}},"line":245},"21":{"name":"(anonymous_21)","decl":{"start":{"line":258,"column":31},"end":{"line":258,"column":32}},"loc":{"start":{"line":258,"column":56},"end":{"line":269,"column":9}},"line":258},"22":{"name":"(anonymous_22)","decl":{"start":{"line":278,"column":24},"end":{"line":278,"column":25}},"loc":{"start":{"line":278,"column":38},"end":{"line":286,"column":1}},"line":278},"23":{"name":"(anonymous_23)","decl":{"start":{"line":279,"column":56},"end":{"line":279,"column":57}},"loc":{"start":{"line":279,"column":73},"end":{"line":285,"column":5}},"line":279},"24":{"name":"(anonymous_24)","decl":{"start":{"line":294,"column":28},"end":{"line":294,"column":29}},"loc":{"start":{"line":294,"column":42},"end":{"line":303,"column":1}},"line":294},"25":{"name":"(anonymous_25)","decl":{"start":{"line":296,"column":65},"end":{"line":296,"column":66}},"loc":{"start":{"line":296,"column":82},"end":{"line":302,"column":5}},"line":296},"26":{"name":"(anonymous_26)","decl":{"start":{"line":308,"column":8},"end":{"line":308,"column":9}},"loc":{"start":{"line":308,"column":33},"end":{"line":315,"column":1}},"line":308},"27":{"name":"(anonymous_27)","decl":{"start":{"line":321,"column":17},"end":{"line":321,"column":18}},"loc":{"start":{"line":321,"column":37},"end":{"line":323,"column":1}},"line":321},"28":{"name":"(anonymous_28)","decl":{"start":{"line":332,"column":32},"end":{"line":332,"column":33}},"loc":{"start":{"line":332,"column":44},"end":{"line":335,"column":1}},"line":332}},"branchMap":{"0":{"loc":{"start":{"line":34,"column":4},"end":{"line":36,"column":5}},"type":"if","locations":[{"start":{"line":34,"column":4},"end":{"line":36,"column":5}},{"start":{"line":34,"column":4},"end":{"line":36,"column":5}}],"line":34},"1":{"loc":{"start":{"line":114,"column":8},"end":{"line":118,"column":9}},"type":"if","locations":[{"start":{"line":114,"column":8},"end":{"line":118,"column":9}},{"start":{"line":114,"column":8},"end":{"line":118,"column":9}}],"line":114},"2":{"loc":{"start":{"line":132,"column":12},"end":{"line":136,"column":13}},"type":"if","locations":[{"start":{"line":132,"column":12},"end":{"line":136,"column":13}},{"start":{"line":132,"column":12},"end":{"line":136,"column":13}}],"line":132},"3":{"loc":{"start":{"line":148,"column":8},"end":{"line":152,"column":9}},"type":"if","locations":[{"start":{"line":148,"column":8},"end":{"line":152,"column":9}},{"start":{"line":148,"column":8},"end":{"line":152,"column":9}}],"line":148},"4":{"loc":{"start":{"line":167,"column":4},"end":{"line":186,"column":5}},"type":"if","locations":[{"start":{"line":167,"column":4},"end":{"line":186,"column":5}},{"start":{"line":167,"column":4},"end":{"line":186,"column":5}}],"line":167},"5":{"loc":{"start":{"line":180,"column":12},"end":{"line":184,"column":13}},"type":"if","locations":[{"start":{"line":180,"column":12},"end":{"line":184,"column":13}},{"start":{"line":180,"column":12},"end":{"line":184,"column":13}}],"line":180},"6":{"loc":{"start":{"line":197,"column":12},"end":{"line":197,"column":144}},"type":"binary-expr","locations":[{"start":{"line":197,"column":13},"end":{"line":197,"column":42}},{"start":{"line":197,"column":48},"end":{"line":197,"column":77}},{"start":{"line":197,"column":83},"end":{"line":197,"column":110}},{"start":{"line":197,"column":116},"end":{"line":197,"column":143}}],"line":197},"7":{"loc":{"start":{"line":207,"column":11},"end":{"line":207,"column":119}},"type":"binary-expr","locations":[{"start":{"line":207,"column":11},"end":{"line":207,"column":47}},{"start":{"line":207,"column":51},"end":{"line":207,"column":92}},{"start":{"line":207,"column":96},"end":{"line":207,"column":119}}],"line":207},"8":{"loc":{"start":{"line":217,"column":4},"end":{"line":229,"column":5}},"type":"if","locations":[{"start":{"line":217,"column":4},"end":{"line":229,"column":5}},{"start":{"line":217,"column":4},"end":{"line":229,"column":5}}],"line":217},"9":{"loc":{"start":{"line":223,"column":12},"end":{"line":227,"column":13}},"type":"if","locations":[{"start":{"line":223,"column":12},"end":{"line":227,"column":13}},{"start":{"line":223,"column":12},"end":{"line":227,"column":13}}],"line":223},"10":{"loc":{"start":{"line":224,"column":16},"end":{"line":226,"column":17}},"type":"if","locations":[{"start":{"line":224,"column":16},"end":{"line":226,"column":17}},{"start":{"line":224,"column":16},"end":{"line":226,"column":17}}],"line":224},"11":{"loc":{"start":{"line":246,"column":8},"end":{"line":248,"column":9}},"type":"if","locations":[{"start":{"line":246,"column":8},"end":{"line":248,"column":9}},{"start":{"line":246,"column":8},"end":{"line":248,"column":9}}],"line":246},"12":{"loc":{"start":{"line":280,"column":8},"end":{"line":284,"column":9}},"type":"if","locations":[{"start":{"line":280,"column":8},"end":{"line":284,"column":9}},{"start":{"line":280,"column":8},"end":{"line":284,"column":9}}],"line":280},"13":{"loc":{"start":{"line":297,"column":8},"end":{"line":301,"column":9}},"type":"if","locations":[{"start":{"line":297,"column":8},"end":{"line":301,"column":9}},{"start":{"line":297,"column":8},"end":{"line":301,"column":9}}],"line":297},"14":{"loc":{"start":{"line":309,"column":15},"end":{"line":309,"column":32}},"type":"binary-expr","locations":[{"start":{"line":309,"column":15},"end":{"line":309,"column":25}},{"start":{"line":309,"column":29},"end":{"line":309,"column":32}}],"line":309}},"s":{"0":1,"1":1,"2":1,"3":1,"4":1,"5":1,"6":1,"7":1,"8":1,"9":1,"10":1,"11":1,"12":1,"13":1,"14":1,"15":1,"16":1,"17":0,"18":0,"19":1,"20":0,"21":0,"22":0,"23":1,"24":11,"25":11,"26":11,"27":11,"28":11,"29":11,"30":1,"31":1,"32":2,"33":2,"34":1,"35":1,"36":1,"37":2,"38":1,"39":1,"40":0,"41":1,"42":1,"43":0,"44":0,"45":0,"46":0,"47":0,"48":1,"49":1,"50":1,"51":1,"52":1,"53":1,"54":1,"55":1,"56":1,"57":0,"58":1,"59":1,"60":1,"61":0,"62":0,"63":0,"64":0,"65":0,"66":0,"67":0,"68":0,"69":0,"70":1,"71":1,"72":1,"73":1,"74":1,"75":1,"76":1,"77":1,"78":1,"79":1,"80":1,"81":1,"82":1,"83":0,"84":1,"85":1,"86":1,"87":2,"88":2,"89":0,"90":2,"91":1,"92":4,"93":4,"94":4,"95":0,"96":4,"97":1,"98":1,"99":1,"100":1,"101":0,"102":1,"103":1,"104":1},"f":{"0":1,"1":0,"2":0,"3":0,"4":1,"5":0,"6":0,"7":11,"8":2,"9":2,"10":2,"11":1,"12":0,"13":0,"14":1,"15":1,"16":0,"17":1,"18":1,"19":1,"20":1,"21":1,"22":2,"23":2,"24":4,"25":4,"26":1,"27":0,"28":1},"b":{"0":[0,1],"1":[1,1],"2":[0,1],"3":[0,0],"4":[1,0],"5":[0,1],"6":[0,0,0,0],"7":[1,1,0],"8":[1,0],"9":[0,0],"10":[0,0],"11":[0,1],"12":[0,2],"13":[0,4],"14":[1,1]},"_coverageSchema":"43e27e138ebf9cfc5966b082cf9a028302ed4184","hash":"cac976312527befb63c51173e8c87670abb98e0e"}
}
