{"C:\\Users\\konsw\\WebstormProjects\\Backend321\\HelperFunctions.js": {"path":"C:\\Users\\konsw\\WebstormProjects\\Backend321\\HelperFunctions.js","statementMap":{"0":{"start":{"line":1,"column":20},"end":{"line":1,"column":24}},"1":{"start":{"line":2,"column":20},"end":{"line":2,"column":27}},"2":{"start":{"line":3,"column":24},"end":{"line":3,"column":26}},"3":{"start":{"line":12,"column":22},"end":{"line":12,"column":40}},"4":{"start":{"line":13,"column":26},"end":{"line":13,"column":55}},"5":{"start":{"line":14,"column":26},"end":{"line":14,"column":55}},"6":{"start":{"line":15,"column":27},"end":{"line":15,"column":57}},"7":{"start":{"line":16,"column":27},"end":{"line":16,"column":57}},"8":{"start":{"line":17,"column":4},"end":{"line":36,"column":5}},"9":{"start":{"line":18,"column":8},"end":{"line":35,"column":11}},"10":{"start":{"line":30,"column":12},"end":{"line":34,"column":13}},"11":{"start":{"line":33,"column":16},"end":{"line":33,"column":33}},"12":{"start":{"line":47,"column":4},"end":{"line":47,"column":146}},"13":{"start":{"line":57,"column":4},"end":{"line":57,"column":120}},"14":{"start":{"line":67,"column":4},"end":{"line":79,"column":5}},"15":{"start":{"line":68,"column":8},"end":{"line":68,"column":26}},"16":{"start":{"line":70,"column":8},"end":{"line":78,"column":9}},"17":{"start":{"line":70,"column":21},"end":{"line":70,"column":22}},"18":{"start":{"line":71,"column":26},"end":{"line":71,"column":64}},"19":{"start":{"line":72,"column":25},"end":{"line":72,"column":62}},"20":{"start":{"line":73,"column":12},"end":{"line":77,"column":13}},"21":{"start":{"line":74,"column":16},"end":{"line":76,"column":17}},"22":{"start":{"line":75,"column":20},"end":{"line":75,"column":68}},"23":{"start":{"line":80,"column":4},"end":{"line":80,"column":38}},"24":{"start":{"line":81,"column":4},"end":{"line":81,"column":65}},"25":{"start":{"line":84,"column":0},"end":{"line":90,"column":2}}},"fnMap":{"0":{"name":"matchUsers2Events","decl":{"start":{"line":11,"column":9},"end":{"line":11,"column":26}},"loc":{"start":{"line":11,"column":42},"end":{"line":37,"column":1}},"line":11},"1":{"name":"(anonymous_1)","decl":{"start":{"line":29,"column":19},"end":{"line":29,"column":20}},"loc":{"start":{"line":29,"column":36},"end":{"line":35,"column":9}},"line":29},"2":{"name":"isInRange","decl":{"start":{"line":46,"column":9},"end":{"line":46,"column":18}},"loc":{"start":{"line":46,"column":46},"end":{"line":48,"column":1}},"line":46},"3":{"name":"endRecursiveConditions","decl":{"start":{"line":56,"column":9},"end":{"line":56,"column":31}},"loc":{"start":{"line":56,"column":69},"end":{"line":58,"column":1}},"line":56},"4":{"name":"sortMatchedUsers","decl":{"start":{"line":66,"column":9},"end":{"line":66,"column":25}},"loc":{"start":{"line":66,"column":63},"end":{"line":82,"column":1}},"line":66}},"branchMap":{"0":{"loc":{"start":{"line":17,"column":4},"end":{"line":36,"column":5}},"type":"if","locations":[{"start":{"line":17,"column":4},"end":{"line":36,"column":5}},{"start":{"line":17,"column":4},"end":{"line":36,"column":5}}],"line":17},"1":{"loc":{"start":{"line":30,"column":12},"end":{"line":34,"column":13}},"type":"if","locations":[{"start":{"line":30,"column":12},"end":{"line":34,"column":13}},{"start":{"line":30,"column":12},"end":{"line":34,"column":13}}],"line":30},"2":{"loc":{"start":{"line":47,"column":12},"end":{"line":47,"column":144}},"type":"binary-expr","locations":[{"start":{"line":47,"column":13},"end":{"line":47,"column":42}},{"start":{"line":47,"column":48},"end":{"line":47,"column":77}},{"start":{"line":47,"column":83},"end":{"line":47,"column":110}},{"start":{"line":47,"column":116},"end":{"line":47,"column":143}}],"line":47},"3":{"loc":{"start":{"line":57,"column":11},"end":{"line":57,"column":119}},"type":"binary-expr","locations":[{"start":{"line":57,"column":11},"end":{"line":57,"column":47}},{"start":{"line":57,"column":51},"end":{"line":57,"column":92}},{"start":{"line":57,"column":96},"end":{"line":57,"column":119}}],"line":57},"4":{"loc":{"start":{"line":67,"column":4},"end":{"line":79,"column":5}},"type":"if","locations":[{"start":{"line":67,"column":4},"end":{"line":79,"column":5}},{"start":{"line":67,"column":4},"end":{"line":79,"column":5}}],"line":67},"5":{"loc":{"start":{"line":73,"column":12},"end":{"line":77,"column":13}},"type":"if","locations":[{"start":{"line":73,"column":12},"end":{"line":77,"column":13}},{"start":{"line":73,"column":12},"end":{"line":77,"column":13}}],"line":73},"6":{"loc":{"start":{"line":74,"column":16},"end":{"line":76,"column":17}},"type":"if","locations":[{"start":{"line":74,"column":16},"end":{"line":76,"column":17}},{"start":{"line":74,"column":16},"end":{"line":76,"column":17}}],"line":74}},"s":{"0":1,"1":1,"2":1,"3":0,"4":0,"5":0,"6":0,"7":0,"8":0,"9":0,"10":0,"11":0,"12":55,"13":11,"14":11,"15":6,"16":5,"17":5,"18":55,"19":55,"20":55,"21":55,"22":55,"23":5,"24":5,"25":1},"f":{"0":0,"1":0,"2":55,"3":11,"4":11},"b":{"0":[0,0],"1":[0,0],"2":[55,55,55,55],"3":[11,6,5],"4":[6,5],"5":[55,0],"6":[55,0]},"_coverageSchema":"43e27e138ebf9cfc5966b082cf9a028302ed4184","hash":"ea87b871f2965d6f6b1663fba97578dcbb18b5fe"}
,"C:\\Users\\konsw\\WebstormProjects\\Backend321\\Server.js": {"path":"C:\\Users\\konsw\\WebstormProjects\\Backend321\\Server.js","statementMap":{"0":{"start":{"line":1,"column":13},"end":{"line":1,"column":17}},"1":{"start":{"line":7,"column":14},"end":{"line":7,"column":39}},"2":{"start":{"line":8,"column":23},"end":{"line":8,"column":98}},"3":{"start":{"line":9,"column":0},"end":{"line":12,"column":3}},"4":{"start":{"line":18,"column":20},"end":{"line":18,"column":50}},"5":{"start":{"line":19,"column":12},"end":{"line":19,"column":120}},"6":{"start":{"line":20,"column":15},"end":{"line":20,"column":86}},"7":{"start":{"line":21,"column":16},"end":{"line":21,"column":34}},"8":{"start":{"line":22,"column":12},"end":{"line":22,"column":21}},"9":{"start":{"line":23,"column":0},"end":{"line":23,"column":24}},"10":{"start":{"line":25,"column":17},"end":{"line":25,"column":44}},"11":{"start":{"line":26,"column":13},"end":{"line":26,"column":41}},"12":{"start":{"line":31,"column":0},"end":{"line":37,"column":3}},"13":{"start":{"line":32,"column":4},"end":{"line":34,"column":5}},"14":{"start":{"line":35,"column":4},"end":{"line":35,"column":27}},"15":{"start":{"line":49,"column":20},"end":{"line":49,"column":61}},"16":{"start":{"line":50,"column":4},"end":{"line":55,"column":11}},"17":{"start":{"line":69,"column":4},"end":{"line":74,"column":7}},"18":{"start":{"line":70,"column":19},"end":{"line":70,"column":38}},"19":{"start":{"line":71,"column":8},"end":{"line":73,"column":11}},"20":{"start":{"line":72,"column":12},"end":{"line":72,"column":58}},"21":{"start":{"line":83,"column":22},"end":{"line":83,"column":40}},"22":{"start":{"line":84,"column":26},"end":{"line":84,"column":60}},"23":{"start":{"line":85,"column":26},"end":{"line":85,"column":60}},"24":{"start":{"line":86,"column":27},"end":{"line":86,"column":62}},"25":{"start":{"line":87,"column":27},"end":{"line":87,"column":62}},"26":{"start":{"line":88,"column":4},"end":{"line":107,"column":5}},"27":{"start":{"line":89,"column":8},"end":{"line":106,"column":11}},"28":{"start":{"line":101,"column":12},"end":{"line":105,"column":13}},"29":{"start":{"line":104,"column":16},"end":{"line":104,"column":33}},"30":{"start":{"line":117,"column":24},"end":{"line":136,"column":1}},"31":{"start":{"line":118,"column":22},"end":{"line":118,"column":43}},"32":{"start":{"line":119,"column":21},"end":{"line":119,"column":41}},"33":{"start":{"line":120,"column":19},"end":{"line":120,"column":35}},"34":{"start":{"line":121,"column":4},"end":{"line":134,"column":5}},"35":{"start":{"line":122,"column":8},"end":{"line":131,"column":10}},"36":{"start":{"line":135,"column":4},"end":{"line":135,"column":11}},"37":{"start":{"line":137,"column":0},"end":{"line":137,"column":25}},"38":{"start":{"line":144,"column":0},"end":{"line":152,"column":3}},"39":{"start":{"line":145,"column":4},"end":{"line":151,"column":7}},"40":{"start":{"line":146,"column":8},"end":{"line":150,"column":9}},"41":{"start":{"line":147,"column":12},"end":{"line":147,"column":26}},"42":{"start":{"line":149,"column":12},"end":{"line":149,"column":40}},"43":{"start":{"line":160,"column":0},"end":{"line":170,"column":3}},"44":{"start":{"line":161,"column":15},"end":{"line":161,"column":42}},"45":{"start":{"line":162,"column":4},"end":{"line":169,"column":11}},"46":{"start":{"line":164,"column":12},"end":{"line":168,"column":13}},"47":{"start":{"line":165,"column":16},"end":{"line":165,"column":30}},"48":{"start":{"line":167,"column":16},"end":{"line":167,"column":33}},"49":{"start":{"line":177,"column":0},"end":{"line":186,"column":3}},"50":{"start":{"line":178,"column":15},"end":{"line":178,"column":42}},"51":{"start":{"line":179,"column":4},"end":{"line":185,"column":7}},"52":{"start":{"line":180,"column":8},"end":{"line":184,"column":9}},"53":{"start":{"line":181,"column":12},"end":{"line":181,"column":26}},"54":{"start":{"line":183,"column":12},"end":{"line":183,"column":29}},"55":{"start":{"line":200,"column":0},"end":{"line":225,"column":3}},"56":{"start":{"line":201,"column":4},"end":{"line":224,"column":7}},"57":{"start":{"line":202,"column":8},"end":{"line":204,"column":9}},"58":{"start":{"line":205,"column":21},"end":{"line":205,"column":36}},"59":{"start":{"line":206,"column":22},"end":{"line":206,"column":38}},"60":{"start":{"line":207,"column":24},"end":{"line":207,"column":42}},"61":{"start":{"line":209,"column":20},"end":{"line":212,"column":9}},"62":{"start":{"line":214,"column":8},"end":{"line":222,"column":11}},"63":{"start":{"line":215,"column":35},"end":{"line":215,"column":37}},"64":{"start":{"line":216,"column":12},"end":{"line":216,"column":89}},"65":{"start":{"line":217,"column":29},"end":{"line":217,"column":31}},"66":{"start":{"line":218,"column":12},"end":{"line":220,"column":13}},"67":{"start":{"line":218,"column":25},"end":{"line":218,"column":26}},"68":{"start":{"line":219,"column":16},"end":{"line":219,"column":82}},"69":{"start":{"line":221,"column":12},"end":{"line":221,"column":44}},"70":{"start":{"line":223,"column":8},"end":{"line":223,"column":36}},"71":{"start":{"line":231,"column":0},"end":{"line":239,"column":3}},"72":{"start":{"line":232,"column":4},"end":{"line":238,"column":7}},"73":{"start":{"line":233,"column":8},"end":{"line":237,"column":9}},"74":{"start":{"line":234,"column":12},"end":{"line":234,"column":26}},"75":{"start":{"line":236,"column":12},"end":{"line":236,"column":29}},"76":{"start":{"line":247,"column":0},"end":{"line":256,"column":3}},"77":{"start":{"line":248,"column":15},"end":{"line":248,"column":42}},"78":{"start":{"line":249,"column":4},"end":{"line":255,"column":7}},"79":{"start":{"line":250,"column":8},"end":{"line":254,"column":9}},"80":{"start":{"line":251,"column":12},"end":{"line":251,"column":26}},"81":{"start":{"line":253,"column":12},"end":{"line":253,"column":29}},"82":{"start":{"line":261,"column":0},"end":{"line":268,"column":3}},"83":{"start":{"line":262,"column":4},"end":{"line":262,"column":34}},"84":{"start":{"line":263,"column":4},"end":{"line":267,"column":7}},"85":{"start":{"line":274,"column":0},"end":{"line":276,"column":3}},"86":{"start":{"line":275,"column":4},"end":{"line":275,"column":36}},"87":{"start":{"line":285,"column":15},"end":{"line":288,"column":2}},"88":{"start":{"line":287,"column":17},"end":{"line":287,"column":38}},"89":{"start":{"line":290,"column":0},"end":{"line":290,"column":22}}},"fnMap":{"0":{"name":"(anonymous_0)","decl":{"start":{"line":31,"column":15},"end":{"line":31,"column":16}},"loc":{"start":{"line":31,"column":24},"end":{"line":37,"column":1}},"line":31},"1":{"name":"sendMessage","decl":{"start":{"line":47,"column":13},"end":{"line":47,"column":24}},"loc":{"start":{"line":48,"column":0},"end":{"line":56,"column":1}},"line":48},"2":{"name":"(anonymous_2)","decl":{"start":{"line":51,"column":14},"end":{"line":51,"column":15}},"loc":{"start":{"line":51,"column":28},"end":{"line":53,"column":9}},"line":51},"3":{"name":"(anonymous_3)","decl":{"start":{"line":54,"column":15},"end":{"line":54,"column":16}},"loc":{"start":{"line":54,"column":26},"end":{"line":55,"column":9}},"line":54},"4":{"name":"volleyMessages","decl":{"start":{"line":68,"column":9},"end":{"line":68,"column":23}},"loc":{"start":{"line":68,"column":41},"end":{"line":75,"column":1}},"line":68},"5":{"name":"(anonymous_5)","decl":{"start":{"line":69,"column":19},"end":{"line":69,"column":20}},"loc":{"start":{"line":69,"column":36},"end":{"line":74,"column":5}},"line":69},"6":{"name":"(anonymous_6)","decl":{"start":{"line":71,"column":97},"end":{"line":71,"column":98}},"loc":{"start":{"line":71,"column":114},"end":{"line":73,"column":9}},"line":71},"7":{"name":"matchUsers2Events","decl":{"start":{"line":82,"column":9},"end":{"line":82,"column":26}},"loc":{"start":{"line":82,"column":42},"end":{"line":108,"column":1}},"line":82},"8":{"name":"(anonymous_8)","decl":{"start":{"line":100,"column":19},"end":{"line":100,"column":20}},"loc":{"start":{"line":100,"column":36},"end":{"line":106,"column":9}},"line":100},"9":{"name":"(anonymous_9)","decl":{"start":{"line":117,"column":24},"end":{"line":117,"column":25}},"loc":{"start":{"line":117,"column":50},"end":{"line":136,"column":1}},"line":117},"10":{"name":"(anonymous_10)","decl":{"start":{"line":144,"column":19},"end":{"line":144,"column":20}},"loc":{"start":{"line":144,"column":39},"end":{"line":152,"column":1}},"line":144},"11":{"name":"(anonymous_11)","decl":{"start":{"line":145,"column":47},"end":{"line":145,"column":48}},"loc":{"start":{"line":145,"column":64},"end":{"line":151,"column":5}},"line":145},"12":{"name":"(anonymous_12)","decl":{"start":{"line":160,"column":28},"end":{"line":160,"column":29}},"loc":{"start":{"line":160,"column":48},"end":{"line":170,"column":1}},"line":160},"13":{"name":"(anonymous_13)","decl":{"start":{"line":163,"column":39},"end":{"line":163,"column":40}},"loc":{"start":{"line":163,"column":56},"end":{"line":169,"column":9}},"line":163},"14":{"name":"(anonymous_14)","decl":{"start":{"line":177,"column":31},"end":{"line":177,"column":32}},"loc":{"start":{"line":177,"column":51},"end":{"line":186,"column":1}},"line":177},"15":{"name":"(anonymous_15)","decl":{"start":{"line":179,"column":62},"end":{"line":179,"column":63}},"loc":{"start":{"line":179,"column":79},"end":{"line":185,"column":5}},"line":179},"16":{"name":"(anonymous_16)","decl":{"start":{"line":200,"column":20},"end":{"line":200,"column":21}},"loc":{"start":{"line":200,"column":46},"end":{"line":225,"column":1}},"line":200},"17":{"name":"(anonymous_17)","decl":{"start":{"line":201,"column":48},"end":{"line":201,"column":49}},"loc":{"start":{"line":201,"column":65},"end":{"line":224,"column":5}},"line":201},"18":{"name":"(anonymous_18)","decl":{"start":{"line":214,"column":31},"end":{"line":214,"column":32}},"loc":{"start":{"line":214,"column":56},"end":{"line":222,"column":9}},"line":214},"19":{"name":"(anonymous_19)","decl":{"start":{"line":231,"column":24},"end":{"line":231,"column":25}},"loc":{"start":{"line":231,"column":38},"end":{"line":239,"column":1}},"line":231},"20":{"name":"(anonymous_20)","decl":{"start":{"line":232,"column":56},"end":{"line":232,"column":57}},"loc":{"start":{"line":232,"column":73},"end":{"line":238,"column":5}},"line":232},"21":{"name":"(anonymous_21)","decl":{"start":{"line":247,"column":28},"end":{"line":247,"column":29}},"loc":{"start":{"line":247,"column":42},"end":{"line":256,"column":1}},"line":247},"22":{"name":"(anonymous_22)","decl":{"start":{"line":249,"column":65},"end":{"line":249,"column":66}},"loc":{"start":{"line":249,"column":82},"end":{"line":255,"column":5}},"line":249},"23":{"name":"(anonymous_23)","decl":{"start":{"line":261,"column":8},"end":{"line":261,"column":9}},"loc":{"start":{"line":261,"column":33},"end":{"line":268,"column":1}},"line":261},"24":{"name":"(anonymous_24)","decl":{"start":{"line":274,"column":17},"end":{"line":274,"column":18}},"loc":{"start":{"line":274,"column":37},"end":{"line":276,"column":1}},"line":274},"25":{"name":"(anonymous_25)","decl":{"start":{"line":285,"column":32},"end":{"line":285,"column":33}},"loc":{"start":{"line":285,"column":44},"end":{"line":288,"column":1}},"line":285}},"branchMap":{"0":{"loc":{"start":{"line":32,"column":4},"end":{"line":34,"column":5}},"type":"if","locations":[{"start":{"line":32,"column":4},"end":{"line":34,"column":5}},{"start":{"line":32,"column":4},"end":{"line":34,"column":5}}],"line":32},"1":{"loc":{"start":{"line":88,"column":4},"end":{"line":107,"column":5}},"type":"if","locations":[{"start":{"line":88,"column":4},"end":{"line":107,"column":5}},{"start":{"line":88,"column":4},"end":{"line":107,"column":5}}],"line":88},"2":{"loc":{"start":{"line":101,"column":12},"end":{"line":105,"column":13}},"type":"if","locations":[{"start":{"line":101,"column":12},"end":{"line":105,"column":13}},{"start":{"line":101,"column":12},"end":{"line":105,"column":13}}],"line":101},"3":{"loc":{"start":{"line":146,"column":8},"end":{"line":150,"column":9}},"type":"if","locations":[{"start":{"line":146,"column":8},"end":{"line":150,"column":9}},{"start":{"line":146,"column":8},"end":{"line":150,"column":9}}],"line":146},"4":{"loc":{"start":{"line":164,"column":12},"end":{"line":168,"column":13}},"type":"if","locations":[{"start":{"line":164,"column":12},"end":{"line":168,"column":13}},{"start":{"line":164,"column":12},"end":{"line":168,"column":13}}],"line":164},"5":{"loc":{"start":{"line":180,"column":8},"end":{"line":184,"column":9}},"type":"if","locations":[{"start":{"line":180,"column":8},"end":{"line":184,"column":9}},{"start":{"line":180,"column":8},"end":{"line":184,"column":9}}],"line":180},"6":{"loc":{"start":{"line":202,"column":8},"end":{"line":204,"column":9}},"type":"if","locations":[{"start":{"line":202,"column":8},"end":{"line":204,"column":9}},{"start":{"line":202,"column":8},"end":{"line":204,"column":9}}],"line":202},"7":{"loc":{"start":{"line":233,"column":8},"end":{"line":237,"column":9}},"type":"if","locations":[{"start":{"line":233,"column":8},"end":{"line":237,"column":9}},{"start":{"line":233,"column":8},"end":{"line":237,"column":9}}],"line":233},"8":{"loc":{"start":{"line":250,"column":8},"end":{"line":254,"column":9}},"type":"if","locations":[{"start":{"line":250,"column":8},"end":{"line":254,"column":9}},{"start":{"line":250,"column":8},"end":{"line":254,"column":9}}],"line":250},"9":{"loc":{"start":{"line":262,"column":15},"end":{"line":262,"column":32}},"type":"binary-expr","locations":[{"start":{"line":262,"column":15},"end":{"line":262,"column":25}},{"start":{"line":262,"column":29},"end":{"line":262,"column":32}}],"line":262}},"s":{"0":1,"1":1,"2":1,"3":1,"4":1,"5":1,"6":1,"7":1,"8":1,"9":1,"10":1,"11":1,"12":1,"13":1,"14":1,"15":0,"16":0,"17":1,"18":0,"19":0,"20":0,"21":2,"22":2,"23":2,"24":2,"25":2,"26":2,"27":2,"28":1,"29":1,"30":1,"31":24,"32":24,"33":24,"34":24,"35":24,"36":24,"37":1,"38":1,"39":14,"40":14,"41":1,"42":13,"43":1,"44":2,"45":1,"46":1,"47":0,"48":1,"49":1,"50":0,"51":0,"52":0,"53":0,"54":0,"55":1,"56":2,"57":2,"58":2,"59":2,"60":2,"61":2,"62":2,"63":1,"64":1,"65":1,"66":1,"67":1,"68":0,"69":1,"70":2,"71":1,"72":2,"73":2,"74":0,"75":2,"76":1,"77":4,"78":4,"79":4,"80":0,"81":4,"82":1,"83":1,"84":1,"85":1,"86":0,"87":1,"88":1,"89":1},"f":{"0":1,"1":0,"2":0,"3":0,"4":1,"5":0,"6":0,"7":2,"8":1,"9":24,"10":14,"11":14,"12":2,"13":1,"14":0,"15":0,"16":2,"17":2,"18":1,"19":2,"20":2,"21":4,"22":4,"23":1,"24":0,"25":1},"b":{"0":[0,1],"1":[2,0],"2":[0,1],"3":[1,13],"4":[0,1],"5":[0,0],"6":[0,2],"7":[0,2],"8":[0,4],"9":[1,1]},"_coverageSchema":"43e27e138ebf9cfc5966b082cf9a028302ed4184","hash":"1db14c34ed0373962f042e70e16d15539b632d86"}
}
