TN:
SF:C:\Users\ascar\WebstormProjects\Backend321\Server.js
FN:33,(anonymous_0)
FN:49,sendMessage
FN:53,(anonymous_2)
FN:56,(anonymous_3)
FN:70,volleyMessages
FN:71,(anonymous_5)
FN:73,(anonymous_6)
FN:86,(anonymous_7)
FN:113,(anonymous_8)
FN:114,(anonymous_9)
FN:129,(anonymous_10)
FN:132,(anonymous_11)
FN:146,(anonymous_12)
FN:148,(anonymous_13)
FN:162,matchUsers2Events
FN:180,(anonymous_15)
FN:197,isInRange
FN:207,endRecursiveConditions
FN:217,sortMatchedUsers
FN:245,(anonymous_19)
FN:246,(anonymous_20)
FN:259,(anonymous_21)
FN:279,(anonymous_22)
FN:280,(anonymous_23)
FN:295,(anonymous_24)
FN:297,(anonymous_25)
FN:309,(anonymous_26)
FN:322,(anonymous_27)
FN:333,(anonymous_28)
FNF:29
FNH:5
FNDA:1,(anonymous_0)
FNDA:0,sendMessage
FNDA:0,(anonymous_2)
FNDA:0,(anonymous_3)
FNDA:0,volleyMessages
FNDA:0,(anonymous_5)
FNDA:0,(anonymous_6)
FNDA:2,(anonymous_7)
FNDA:0,(anonymous_8)
FNDA:0,(anonymous_9)
FNDA:0,(anonymous_10)
FNDA:0,(anonymous_11)
FNDA:0,(anonymous_12)
FNDA:0,(anonymous_13)
FNDA:0,matchUsers2Events
FNDA:0,(anonymous_15)
FNDA:0,isInRange
FNDA:0,endRecursiveConditions
FNDA:0,sortMatchedUsers
FNDA:0,(anonymous_19)
FNDA:0,(anonymous_20)
FNDA:0,(anonymous_21)
FNDA:0,(anonymous_22)
FNDA:0,(anonymous_23)
FNDA:2,(anonymous_24)
FNDA:2,(anonymous_25)
FNDA:0,(anonymous_26)
FNDA:0,(anonymous_27)
FNDA:1,(anonymous_28)
DA:1,1
DA:2,1
DA:3,1
DA:4,1
DA:10,1
DA:11,1
DA:12,1
DA:21,1
DA:22,1
DA:23,1
DA:24,1
DA:25,1
DA:26,1
DA:28,1
DA:33,1
DA:34,1
DA:37,1
DA:51,0
DA:52,0
DA:71,0
DA:72,0
DA:73,0
DA:74,0
DA:86,1
DA:87,2
DA:88,2
DA:89,2
DA:90,2
DA:91,2
DA:104,2
DA:106,1
DA:113,1
DA:114,0
DA:115,0
DA:116,0
DA:118,0
DA:129,1
DA:130,0
DA:131,0
DA:133,0
DA:134,0
DA:136,0
DA:146,1
DA:147,0
DA:148,0
DA:149,0
DA:150,0
DA:152,0
DA:163,0
DA:164,0
DA:165,0
DA:166,0
DA:167,0
DA:168,0
DA:169,0
DA:181,0
DA:184,0
DA:198,0
DA:208,0
DA:218,0
DA:219,0
DA:221,0
DA:222,0
DA:223,0
DA:224,0
DA:225,0
DA:226,0
DA:231,0
DA:232,0
DA:245,1
DA:246,0
DA:247,0
DA:250,0
DA:251,0
DA:252,0
DA:254,0
DA:259,0
DA:260,0
DA:261,0
DA:262,0
DA:263,0
DA:266,0
DA:269,0
DA:271,0
DA:279,1
DA:280,0
DA:281,0
DA:282,0
DA:284,0
DA:295,1
DA:296,2
DA:297,2
DA:298,2
DA:299,0
DA:301,2
DA:309,1
DA:310,0
DA:311,0
DA:322,1
DA:323,0
DA:333,1
DA:335,1
DA:338,1
LF:103
LH:40
BRDA:34,0,0,0
BRDA:34,0,1,1
BRDA:115,1,0,0
BRDA:115,1,1,0
BRDA:133,2,0,0
BRDA:133,2,1,0
BRDA:149,3,0,0
BRDA:149,3,1,0
BRDA:168,4,0,0
BRDA:168,4,1,0
BRDA:181,5,0,0
BRDA:181,5,1,0
BRDA:198,6,0,0
BRDA:198,6,1,0
BRDA:198,6,2,0
BRDA:198,6,3,0
BRDA:208,7,0,0
BRDA:208,7,1,0
BRDA:208,7,2,0
BRDA:218,8,0,0
BRDA:218,8,1,0
BRDA:224,9,0,0
BRDA:224,9,1,0
BRDA:225,10,0,0
BRDA:225,10,1,0
BRDA:247,11,0,0
BRDA:247,11,1,0
BRDA:281,12,0,0
BRDA:281,12,1,0
BRDA:298,13,0,0
BRDA:298,13,1,2
BRDA:310,14,0,0
BRDA:310,14,1,0
BRF:33
BRH:2
end_of_record
