TN:
SF:C:\Users\konsw\WebstormProjects\Backend321_2\HelperFunctions.js
FN:11,matchUsers2Events
FN:29,(anonymous_1)
FN:48,isInRange
FN:58,endRecursiveConditions
FN:68,sortMatchedUsers
FNF:5
FNH:3
FNDA:0,matchUsers2Events
FNDA:0,(anonymous_1)
FNDA:33,isInRange
FNDA:4,endRecursiveConditions
FNDA:4,sortMatchedUsers
DA:1,1
DA:2,1
DA:3,1
DA:12,0
DA:13,0
DA:14,0
DA:15,0
DA:16,0
DA:17,0
DA:18,0
DA:30,0
DA:33,0
DA:49,33
DA:59,4
DA:69,4
DA:70,1
DA:72,3
DA:73,33
DA:74,33
DA:75,33
DA:76,16
DA:77,8
DA:82,3
DA:83,3
DA:86,1
LF:25
LH:16
BRDA:17,0,0,0
BRDA:17,0,1,0
BRDA:30,1,0,0
BRDA:30,1,1,0
BRDA:49,2,0,33
BRDA:49,2,1,33
BRDA:49,2,2,18
BRDA:49,2,3,16
BRDA:59,3,0,4
BRDA:59,3,1,4
BRDA:59,3,2,4
BRDA:69,4,0,1
BRDA:69,4,1,3
BRDA:75,5,0,16
BRDA:75,5,1,17
BRDA:76,6,0,8
BRDA:76,6,1,8
BRF:17
BRH:13
end_of_record
TN:
SF:C:\Users\konsw\WebstormProjects\Backend321_2\Server.js
FN:32,(anonymous_0)
FN:48,sendMessage
FN:51,(anonymous_2)
FN:54,(anonymous_3)
FN:68,volleyMessages
FN:69,(anonymous_5)
FN:71,(anonymous_6)
FN:83,(anonymous_7)
FN:102,(anonymous_8)
FN:129,(anonymous_9)
FN:130,(anonymous_10)
FN:145,(anonymous_11)
FN:148,(anonymous_12)
FN:162,(anonymous_13)
FN:164,(anonymous_14)
FN:178,matchUsers2Events
FN:194,(anonymous_16)
FN:213,(anonymous_17)
FN:214,(anonymous_18)
FN:227,(anonymous_19)
FN:244,(anonymous_20)
FN:245,(anonymous_21)
FN:260,(anonymous_22)
FN:262,(anonymous_23)
FN:274,(anonymous_24)
FN:287,(anonymous_25)
FN:298,(anonymous_26)
FNF:27
FNH:2
FNDA:1,(anonymous_0)
FNDA:0,sendMessage
FNDA:0,(anonymous_2)
FNDA:0,(anonymous_3)
FNDA:0,volleyMessages
FNDA:0,(anonymous_5)
FNDA:0,(anonymous_6)
FNDA:0,(anonymous_7)
FNDA:0,(anonymous_8)
FNDA:0,(anonymous_9)
FNDA:0,(anonymous_10)
FNDA:0,(anonymous_11)
FNDA:0,(anonymous_12)
FNDA:0,(anonymous_13)
FNDA:0,(anonymous_14)
FNDA:0,matchUsers2Events
FNDA:0,(anonymous_16)
FNDA:0,(anonymous_17)
FNDA:0,(anonymous_18)
FNDA:0,(anonymous_19)
FNDA:0,(anonymous_20)
FNDA:0,(anonymous_21)
FNDA:0,(anonymous_22)
FNDA:0,(anonymous_23)
FNDA:0,(anonymous_24)
FNDA:0,(anonymous_25)
FNDA:1,(anonymous_26)
DA:1,1
DA:2,1
DA:8,1
DA:9,1
DA:10,1
DA:19,1
DA:20,1
DA:21,1
DA:22,1
DA:23,1
DA:24,1
DA:26,1
DA:27,1
DA:32,1
DA:33,1
DA:36,1
DA:49,0
DA:50,0
DA:69,0
DA:70,0
DA:71,0
DA:72,0
DA:83,1
DA:84,0
DA:85,0
DA:86,0
DA:89,0
DA:92,1
DA:102,1
DA:103,0
DA:104,0
DA:105,0
DA:106,0
DA:107,0
DA:120,0
DA:122,1
DA:129,1
DA:130,0
DA:131,0
DA:132,0
DA:134,0
DA:145,1
DA:146,0
DA:147,0
DA:149,0
DA:150,0
DA:152,0
DA:162,1
DA:163,0
DA:164,0
DA:165,0
DA:166,0
DA:168,0
DA:179,0
DA:180,0
DA:181,0
DA:182,0
DA:183,0
DA:184,0
DA:185,0
DA:195,0
DA:198,0
DA:213,1
DA:214,0
DA:215,0
DA:218,0
DA:219,0
DA:220,0
DA:222,0
DA:227,0
DA:228,0
DA:229,0
DA:230,0
DA:231,0
DA:232,0
DA:234,0
DA:236,0
DA:244,1
DA:245,0
DA:246,0
DA:247,0
DA:249,0
DA:260,1
DA:261,0
DA:262,0
DA:263,0
DA:264,0
DA:266,0
DA:274,1
DA:275,0
DA:276,0
DA:287,1
DA:288,0
DA:298,1
DA:300,1
DA:303,1
LF:96
LH:31
BRDA:33,0,0,0
BRDA:33,0,1,1
BRDA:131,1,0,0
BRDA:131,1,1,0
BRDA:149,2,0,0
BRDA:149,2,1,0
BRDA:165,3,0,0
BRDA:165,3,1,0
BRDA:184,4,0,0
BRDA:184,4,1,0
BRDA:195,5,0,0
BRDA:195,5,1,0
BRDA:215,6,0,0
BRDA:215,6,1,0
BRDA:246,7,0,0
BRDA:246,7,1,0
BRDA:263,8,0,0
BRDA:263,8,1,0
BRDA:275,9,0,0
BRDA:275,9,1,0
BRF:20
BRH:1
end_of_record
